{"/home/vagrant/dev/voxelcss/lib/EventListener.js": {"path":"/home/vagrant/dev/voxelcss/lib/EventListener.js","statementMap":{"0":{"start":{"line":3,"column":0},"end":{"line":28,"column":2}},"1":{"start":{"line":4,"column":15},"end":{"line":4,"column":36}},"2":{"start":{"line":5,"column":20},"end":{"line":5,"column":22}},"3":{"start":{"line":7,"column":8},"end":{"line":7,"column":37}},"4":{"start":{"line":8,"column":8},"end":{"line":8,"column":50}},"5":{"start":{"line":8,"column":42},"end":{"line":8,"column":49}},"6":{"start":{"line":9,"column":8},"end":{"line":9,"column":63}},"7":{"start":{"line":9,"column":36},"end":{"line":9,"column":62}},"8":{"start":{"line":10,"column":8},"end":{"line":10,"column":63}},"9":{"start":{"line":10,"column":55},"end":{"line":10,"column":62}},"10":{"start":{"line":11,"column":8},"end":{"line":11,"column":41}},"11":{"start":{"line":14,"column":8},"end":{"line":14,"column":37}},"12":{"start":{"line":15,"column":8},"end":{"line":15,"column":44}},"13":{"start":{"line":15,"column":36},"end":{"line":15,"column":43}},"14":{"start":{"line":16,"column":8},"end":{"line":16,"column":76}},"15":{"start":{"line":19,"column":8},"end":{"line":19,"column":37}},"16":{"start":{"line":20,"column":28},"end":{"line":20,"column":48}},"17":{"start":{"line":21,"column":8},"end":{"line":21,"column":37}},"18":{"start":{"line":21,"column":29},"end":{"line":21,"column":36}},"19":{"start":{"line":22,"column":8},"end":{"line":22,"column":84}},"20":{"start":{"line":22,"column":67},"end":{"line":22,"column":83}},"21":{"start":{"line":24,"column":4},"end":{"line":24,"column":45}},"22":{"start":{"line":25,"column":4},"end":{"line":25,"column":51}},"23":{"start":{"line":26,"column":4},"end":{"line":26,"column":37}},"24":{"start":{"line":27,"column":4},"end":{"line":27,"column":16}}},"fnMap":{"0":{"name":"(anonymous_0)","decl":{"start":{"line":3,"column":17},"end":{"line":3,"column":18}},"loc":{"start":{"line":3,"column":31},"end":{"line":28,"column":1}},"line":3},"1":{"name":"AddEventListener","decl":{"start":{"line":6,"column":13},"end":{"line":6,"column":29}},"loc":{"start":{"line":6,"column":48},"end":{"line":12,"column":5}},"line":6},"2":{"name":"RemoveEventListener","decl":{"start":{"line":13,"column":13},"end":{"line":13,"column":32}},"loc":{"start":{"line":13,"column":51},"end":{"line":17,"column":5}},"line":13},"3":{"name":"TriggerEvent","decl":{"start":{"line":18,"column":13},"end":{"line":18,"column":25}},"loc":{"start":{"line":18,"column":44},"end":{"line":23,"column":5}},"line":18}},"branchMap":{"0":{"loc":{"start":{"line":4,"column":15},"end":{"line":4,"column":36}},"type":"binary-expr","locations":[{"start":{"line":4,"column":15},"end":{"line":4,"column":18}},{"start":{"line":4,"column":22},"end":{"line":4,"column":36}}],"line":4},"1":{"loc":{"start":{"line":8,"column":8},"end":{"line":8,"column":50}},"type":"if","locations":[{"start":{"line":8,"column":8},"end":{"line":8,"column":50}},{"start":{"line":8,"column":8},"end":{"line":8,"column":50}}],"line":8},"2":{"loc":{"start":{"line":9,"column":8},"end":{"line":9,"column":63}},"type":"if","locations":[{"start":{"line":9,"column":8},"end":{"line":9,"column":63}},{"start":{"line":9,"column":8},"end":{"line":9,"column":63}}],"line":9},"3":{"loc":{"start":{"line":10,"column":8},"end":{"line":10,"column":63}},"type":"if","locations":[{"start":{"line":10,"column":8},"end":{"line":10,"column":63}},{"start":{"line":10,"column":8},"end":{"line":10,"column":63}}],"line":10},"4":{"loc":{"start":{"line":15,"column":8},"end":{"line":15,"column":44}},"type":"if","locations":[{"start":{"line":15,"column":8},"end":{"line":15,"column":44}},{"start":{"line":15,"column":8},"end":{"line":15,"column":44}}],"line":15},"5":{"loc":{"start":{"line":21,"column":8},"end":{"line":21,"column":37}},"type":"if","locations":[{"start":{"line":21,"column":8},"end":{"line":21,"column":37}},{"start":{"line":21,"column":8},"end":{"line":21,"column":37}}],"line":21}},"s":{"0":1,"1":1,"2":1,"3":0,"4":0,"5":0,"6":0,"7":0,"8":0,"9":0,"10":0,"11":0,"12":0,"13":0,"14":0,"15":0,"16":0,"17":0,"18":0,"19":0,"20":0,"21":1,"22":1,"23":1,"24":1},"f":{"0":1,"1":0,"2":0,"3":0},"b":{"0":[1,0],"1":[0,0],"2":[0,0],"3":[0,0],"4":[0,0],"5":[0,0]},"_coverageSchema":"332fd63041d2c1bcb487cc26dd0d5f7d97098a6c","hash":"da27247cc7ade7fa46b7fb54fbce87427e99a75e"}
,"/home/vagrant/dev/voxelcss/lib/Scene.js": {"path":"/home/vagrant/dev/voxelcss/lib/Scene.js","statementMap":{"0":{"start":{"line":3,"column":20},"end":{"line":3,"column":46}},"1":{"start":{"line":9,"column":15},"end":{"line":9,"column":19}},"2":{"start":{"line":15,"column":21},"end":{"line":15,"column":26}},"3":{"start":{"line":16,"column":19},"end":{"line":16,"column":37}},"4":{"start":{"line":17,"column":14},"end":{"line":17,"column":32}},"5":{"start":{"line":18,"column":15},"end":{"line":18,"column":16}},"6":{"start":{"line":19,"column":16},"end":{"line":24,"column":5}},"7":{"start":{"line":25,"column":19},"end":{"line":25,"column":23}},"8":{"start":{"line":26,"column":17},"end":{"line":26,"column":21}},"9":{"start":{"line":27,"column":18},"end":{"line":27,"column":22}},"10":{"start":{"line":28,"column":23},"end":{"line":28,"column":25}},"11":{"start":{"line":29,"column":17},"end":{"line":29,"column":19}},"12":{"start":{"line":30,"column":4},"end":{"line":30,"column":25}},"13":{"start":{"line":31,"column":4},"end":{"line":31,"column":27}},"14":{"start":{"line":32,"column":4},"end":{"line":32,"column":27}},"15":{"start":{"line":33,"column":4},"end":{"line":33,"column":27}},"16":{"start":{"line":34,"column":4},"end":{"line":34,"column":35}},"17":{"start":{"line":35,"column":4},"end":{"line":35,"column":37}},"18":{"start":{"line":36,"column":4},"end":{"line":36,"column":37}},"19":{"start":{"line":37,"column":4},"end":{"line":37,"column":37}},"20":{"start":{"line":38,"column":4},"end":{"line":38,"column":35}},"21":{"start":{"line":39,"column":4},"end":{"line":39,"column":37}},"22":{"start":{"line":40,"column":4},"end":{"line":40,"column":37}},"23":{"start":{"line":41,"column":4},"end":{"line":41,"column":37}},"24":{"start":{"line":42,"column":4},"end":{"line":42,"column":19}},"25":{"start":{"line":43,"column":4},"end":{"line":43,"column":21}},"26":{"start":{"line":44,"column":4},"end":{"line":44,"column":21}},"27":{"start":{"line":45,"column":4},"end":{"line":45,"column":21}},"28":{"start":{"line":46,"column":4},"end":{"line":46,"column":25}},"29":{"start":{"line":47,"column":4},"end":{"line":47,"column":27}},"30":{"start":{"line":48,"column":4},"end":{"line":48,"column":27}},"31":{"start":{"line":49,"column":4},"end":{"line":49,"column":27}},"32":{"start":{"line":51,"column":4},"end":{"line":51,"column":25}},"33":{"start":{"line":52,"column":4},"end":{"line":52,"column":27}},"34":{"start":{"line":53,"column":4},"end":{"line":53,"column":27}},"35":{"start":{"line":54,"column":4},"end":{"line":54,"column":27}},"36":{"start":{"line":55,"column":4},"end":{"line":55,"column":21}},"37":{"start":{"line":56,"column":4},"end":{"line":56,"column":27}},"38":{"start":{"line":57,"column":4},"end":{"line":57,"column":27}},"39":{"start":{"line":58,"column":4},"end":{"line":58,"column":25}},"40":{"start":{"line":59,"column":4},"end":{"line":59,"column":25}},"41":{"start":{"line":60,"column":4},"end":{"line":60,"column":33}},"42":{"start":{"line":61,"column":4},"end":{"line":61,"column":47}},"43":{"start":{"line":62,"column":4},"end":{"line":62,"column":35}},"44":{"start":{"line":63,"column":4},"end":{"line":63,"column":37}},"45":{"start":{"line":64,"column":4},"end":{"line":64,"column":29}},"46":{"start":{"line":65,"column":4},"end":{"line":65,"column":31}},"47":{"start":{"line":66,"column":4},"end":{"line":66,"column":33}},"48":{"start":{"line":67,"column":4},"end":{"line":67,"column":25}},"49":{"start":{"line":68,"column":4},"end":{"line":68,"column":33}},"50":{"start":{"line":69,"column":4},"end":{"line":69,"column":35}},"51":{"start":{"line":70,"column":4},"end":{"line":70,"column":27}},"52":{"start":{"line":71,"column":4},"end":{"line":71,"column":24}},"53":{"start":{"line":72,"column":4},"end":{"line":72,"column":30}},"54":{"start":{"line":73,"column":4},"end":{"line":73,"column":31}},"55":{"start":{"line":74,"column":4},"end":{"line":74,"column":41}},"56":{"start":{"line":75,"column":4},"end":{"line":75,"column":47}},"57":{"start":{"line":76,"column":4},"end":{"line":76,"column":43}},"58":{"start":{"line":78,"column":8},"end":{"line":82,"column":10}},"59":{"start":{"line":85,"column":8},"end":{"line":85,"column":74}},"60":{"start":{"line":85,"column":55},"end":{"line":85,"column":73}},"61":{"start":{"line":87,"column":18},"end":{"line":87,"column":28}},"62":{"start":{"line":88,"column":8},"end":{"line":88,"column":24}},"63":{"start":{"line":89,"column":8},"end":{"line":89,"column":32}},"64":{"start":{"line":90,"column":8},"end":{"line":90,"column":19}},"65":{"start":{"line":93,"column":8},"end":{"line":93,"column":74}},"66":{"start":{"line":93,"column":55},"end":{"line":93,"column":73}},"67":{"start":{"line":95,"column":18},"end":{"line":95,"column":28}},"68":{"start":{"line":96,"column":8},"end":{"line":96,"column":24}},"69":{"start":{"line":97,"column":8},"end":{"line":97,"column":32}},"70":{"start":{"line":98,"column":8},"end":{"line":98,"column":19}},"71":{"start":{"line":101,"column":8},"end":{"line":101,"column":74}},"72":{"start":{"line":101,"column":55},"end":{"line":101,"column":73}},"73":{"start":{"line":103,"column":18},"end":{"line":103,"column":28}},"74":{"start":{"line":104,"column":8},"end":{"line":104,"column":24}},"75":{"start":{"line":105,"column":8},"end":{"line":105,"column":32}},"76":{"start":{"line":106,"column":8},"end":{"line":106,"column":19}},"77":{"start":{"line":110,"column":18},"end":{"line":114,"column":9}},"78":{"start":{"line":116,"column":8},"end":{"line":116,"column":32}},"79":{"start":{"line":117,"column":8},"end":{"line":117,"column":19}},"80":{"start":{"line":120,"column":8},"end":{"line":120,"column":74}},"81":{"start":{"line":120,"column":55},"end":{"line":120,"column":73}},"82":{"start":{"line":121,"column":18},"end":{"line":121,"column":28}},"83":{"start":{"line":122,"column":8},"end":{"line":122,"column":23}},"84":{"start":{"line":123,"column":8},"end":{"line":123,"column":32}},"85":{"start":{"line":124,"column":8},"end":{"line":124,"column":19}},"86":{"start":{"line":127,"column":8},"end":{"line":127,"column":74}},"87":{"start":{"line":127,"column":55},"end":{"line":127,"column":73}},"88":{"start":{"line":128,"column":18},"end":{"line":128,"column":28}},"89":{"start":{"line":129,"column":8},"end":{"line":129,"column":23}},"90":{"start":{"line":130,"column":8},"end":{"line":130,"column":32}},"91":{"start":{"line":131,"column":8},"end":{"line":131,"column":19}},"92":{"start":{"line":134,"column":8},"end":{"line":134,"column":74}},"93":{"start":{"line":134,"column":55},"end":{"line":134,"column":73}},"94":{"start":{"line":135,"column":18},"end":{"line":135,"column":28}},"95":{"start":{"line":136,"column":8},"end":{"line":136,"column":23}},"96":{"start":{"line":137,"column":8},"end":{"line":137,"column":32}},"97":{"start":{"line":138,"column":8},"end":{"line":138,"column":19}},"98":{"start":{"line":141,"column":8},"end":{"line":145,"column":10}},"99":{"start":{"line":148,"column":8},"end":{"line":148,"column":26}},"100":{"start":{"line":151,"column":8},"end":{"line":151,"column":26}},"101":{"start":{"line":154,"column":8},"end":{"line":154,"column":26}},"102":{"start":{"line":157,"column":8},"end":{"line":161,"column":10}},"103":{"start":{"line":164,"column":8},"end":{"line":164,"column":69}},"104":{"start":{"line":164,"column":55},"end":{"line":164,"column":68}},"105":{"start":{"line":165,"column":18},"end":{"line":165,"column":23}},"106":{"start":{"line":166,"column":8},"end":{"line":166,"column":19}},"107":{"start":{"line":167,"column":8},"end":{"line":167,"column":32}},"108":{"start":{"line":168,"column":8},"end":{"line":168,"column":19}},"109":{"start":{"line":171,"column":8},"end":{"line":171,"column":69}},"110":{"start":{"line":171,"column":55},"end":{"line":171,"column":68}},"111":{"start":{"line":172,"column":18},"end":{"line":172,"column":23}},"112":{"start":{"line":173,"column":8},"end":{"line":173,"column":19}},"113":{"start":{"line":174,"column":8},"end":{"line":174,"column":32}},"114":{"start":{"line":175,"column":8},"end":{"line":175,"column":19}},"115":{"start":{"line":178,"column":8},"end":{"line":178,"column":69}},"116":{"start":{"line":178,"column":55},"end":{"line":178,"column":68}},"117":{"start":{"line":179,"column":18},"end":{"line":179,"column":23}},"118":{"start":{"line":180,"column":8},"end":{"line":180,"column":19}},"119":{"start":{"line":181,"column":8},"end":{"line":181,"column":32}},"120":{"start":{"line":182,"column":8},"end":{"line":182,"column":19}},"121":{"start":{"line":185,"column":18},"end":{"line":189,"column":9}},"122":{"start":{"line":190,"column":8},"end":{"line":190,"column":32}},"123":{"start":{"line":191,"column":8},"end":{"line":191,"column":19}},"124":{"start":{"line":194,"column":8},"end":{"line":194,"column":69}},"125":{"start":{"line":194,"column":55},"end":{"line":194,"column":68}},"126":{"start":{"line":195,"column":18},"end":{"line":195,"column":23}},"127":{"start":{"line":196,"column":8},"end":{"line":196,"column":18}},"128":{"start":{"line":197,"column":8},"end":{"line":197,"column":32}},"129":{"start":{"line":198,"column":8},"end":{"line":198,"column":19}},"130":{"start":{"line":201,"column":8},"end":{"line":201,"column":69}},"131":{"start":{"line":201,"column":55},"end":{"line":201,"column":68}},"132":{"start":{"line":202,"column":18},"end":{"line":202,"column":23}},"133":{"start":{"line":203,"column":8},"end":{"line":203,"column":18}},"134":{"start":{"line":204,"column":8},"end":{"line":204,"column":32}},"135":{"start":{"line":205,"column":8},"end":{"line":205,"column":19}},"136":{"start":{"line":208,"column":8},"end":{"line":208,"column":69}},"137":{"start":{"line":208,"column":55},"end":{"line":208,"column":68}},"138":{"start":{"line":209,"column":18},"end":{"line":209,"column":23}},"139":{"start":{"line":210,"column":8},"end":{"line":210,"column":18}},"140":{"start":{"line":211,"column":8},"end":{"line":211,"column":32}},"141":{"start":{"line":212,"column":8},"end":{"line":212,"column":19}},"142":{"start":{"line":215,"column":8},"end":{"line":219,"column":10}},"143":{"start":{"line":222,"column":8},"end":{"line":222,"column":21}},"144":{"start":{"line":225,"column":8},"end":{"line":225,"column":21}},"145":{"start":{"line":228,"column":8},"end":{"line":228,"column":21}},"146":{"start":{"line":231,"column":8},"end":{"line":233,"column":9}},"147":{"start":{"line":232,"column":12},"end":{"line":232,"column":24}},"148":{"start":{"line":234,"column":18},"end":{"line":234,"column":22}},"149":{"start":{"line":235,"column":8},"end":{"line":235,"column":22}},"150":{"start":{"line":236,"column":8},"end":{"line":236,"column":32}},"151":{"start":{"line":237,"column":8},"end":{"line":237,"column":19}},"152":{"start":{"line":240,"column":8},"end":{"line":242,"column":9}},"153":{"start":{"line":241,"column":12},"end":{"line":241,"column":24}},"154":{"start":{"line":243,"column":8},"end":{"line":243,"column":21}},"155":{"start":{"line":244,"column":8},"end":{"line":244,"column":32}},"156":{"start":{"line":245,"column":8},"end":{"line":245,"column":20}},"157":{"start":{"line":248,"column":8},"end":{"line":248,"column":20}},"158":{"start":{"line":251,"column":8},"end":{"line":253,"column":9}},"159":{"start":{"line":252,"column":12},"end":{"line":252,"column":59}},"160":{"start":{"line":254,"column":8},"end":{"line":254,"column":31}},"161":{"start":{"line":255,"column":8},"end":{"line":255,"column":39}},"162":{"start":{"line":256,"column":8},"end":{"line":256,"column":26}},"163":{"start":{"line":259,"column":8},"end":{"line":261,"column":9}},"164":{"start":{"line":260,"column":12},"end":{"line":260,"column":59}},"165":{"start":{"line":262,"column":8},"end":{"line":262,"column":27}},"166":{"start":{"line":263,"column":8},"end":{"line":263,"column":61}},"167":{"start":{"line":266,"column":8},"end":{"line":266,"column":26}},"168":{"start":{"line":269,"column":8},"end":{"line":269,"column":31}},"169":{"start":{"line":273,"column":8},"end":{"line":273,"column":31}},"170":{"start":{"line":273,"column":23},"end":{"line":273,"column":30}},"171":{"start":{"line":274,"column":8},"end":{"line":274,"column":24}},"172":{"start":{"line":277,"column":8},"end":{"line":277,"column":32}},"173":{"start":{"line":277,"column":24},"end":{"line":277,"column":31}},"174":{"start":{"line":278,"column":8},"end":{"line":278,"column":25}},"175":{"start":{"line":281,"column":8},"end":{"line":281,"column":24}},"176":{"start":{"line":285,"column":8},"end":{"line":285,"column":29}},"177":{"start":{"line":285,"column":21},"end":{"line":285,"column":28}},"178":{"start":{"line":286,"column":8},"end":{"line":286,"column":22}},"179":{"start":{"line":289,"column":8},"end":{"line":289,"column":30}},"180":{"start":{"line":289,"column":22},"end":{"line":289,"column":29}},"181":{"start":{"line":290,"column":8},"end":{"line":290,"column":23}},"182":{"start":{"line":293,"column":8},"end":{"line":293,"column":22}},"183":{"start":{"line":297,"column":8},"end":{"line":297,"column":30}},"184":{"start":{"line":297,"column":22},"end":{"line":297,"column":29}},"185":{"start":{"line":298,"column":8},"end":{"line":298,"column":23}},"186":{"start":{"line":301,"column":8},"end":{"line":301,"column":31}},"187":{"start":{"line":301,"column":23},"end":{"line":301,"column":30}},"188":{"start":{"line":302,"column":8},"end":{"line":302,"column":24}},"189":{"start":{"line":305,"column":8},"end":{"line":305,"column":23}},"190":{"start":{"line":309,"column":8},"end":{"line":309,"column":57}},"191":{"start":{"line":310,"column":8},"end":{"line":310,"column":27}},"192":{"start":{"line":311,"column":8},"end":{"line":311,"column":35}},"193":{"start":{"line":312,"column":8},"end":{"line":312,"column":79}},"194":{"start":{"line":312,"column":40},"end":{"line":312,"column":78}},"195":{"start":{"line":315,"column":8},"end":{"line":315,"column":57}},"196":{"start":{"line":316,"column":8},"end":{"line":316,"column":48}},"197":{"start":{"line":317,"column":8},"end":{"line":317,"column":34}},"198":{"start":{"line":320,"column":8},"end":{"line":320,"column":33}},"199":{"start":{"line":324,"column":20},"end":{"line":324,"column":48}},"200":{"start":{"line":325,"column":8},"end":{"line":325,"column":41}},"201":{"start":{"line":325,"column":27},"end":{"line":325,"column":40}},"202":{"start":{"line":327,"column":8},"end":{"line":327,"column":63}},"203":{"start":{"line":328,"column":8},"end":{"line":328,"column":61}},"204":{"start":{"line":330,"column":8},"end":{"line":330,"column":34}},"205":{"start":{"line":331,"column":8},"end":{"line":331,"column":30}},"206":{"start":{"line":333,"column":8},"end":{"line":333,"column":20}},"207":{"start":{"line":336,"column":20},"end":{"line":336,"column":48}},"208":{"start":{"line":337,"column":8},"end":{"line":337,"column":41}},"209":{"start":{"line":337,"column":27},"end":{"line":337,"column":40}},"210":{"start":{"line":339,"column":8},"end":{"line":339,"column":66}},"211":{"start":{"line":340,"column":8},"end":{"line":340,"column":64}},"212":{"start":{"line":342,"column":8},"end":{"line":342,"column":38}},"213":{"start":{"line":343,"column":8},"end":{"line":343,"column":30}},"214":{"start":{"line":345,"column":8},"end":{"line":345,"column":20}},"215":{"start":{"line":348,"column":8},"end":{"line":348,"column":28}},"216":{"start":{"line":352,"column":8},"end":{"line":352,"column":53}},"217":{"start":{"line":353,"column":8},"end":{"line":353,"column":52}},"218":{"start":{"line":355,"column":8},"end":{"line":355,"column":52}},"219":{"start":{"line":356,"column":8},"end":{"line":356,"column":50}},"220":{"start":{"line":358,"column":8},"end":{"line":358,"column":54}},"221":{"start":{"line":359,"column":8},"end":{"line":359,"column":54}},"222":{"start":{"line":361,"column":8},"end":{"line":361,"column":46}},"223":{"start":{"line":362,"column":8},"end":{"line":362,"column":47}},"224":{"start":{"line":366,"column":8},"end":{"line":366,"column":62}},"225":{"start":{"line":367,"column":8},"end":{"line":367,"column":62}},"226":{"start":{"line":368,"column":8},"end":{"line":368,"column":57}},"227":{"start":{"line":371,"column":8},"end":{"line":371,"column":49}},"228":{"start":{"line":372,"column":8},"end":{"line":372,"column":49}},"229":{"start":{"line":374,"column":8},"end":{"line":374,"column":51}},"230":{"start":{"line":375,"column":8},"end":{"line":375,"column":51}},"231":{"start":{"line":377,"column":8},"end":{"line":377,"column":56}},"232":{"start":{"line":378,"column":8},"end":{"line":378,"column":52}},"233":{"start":{"line":381,"column":8},"end":{"line":381,"column":59}},"234":{"start":{"line":382,"column":8},"end":{"line":382,"column":55}},"235":{"start":{"line":385,"column":8},"end":{"line":385,"column":73}},"236":{"start":{"line":386,"column":8},"end":{"line":386,"column":73}},"237":{"start":{"line":388,"column":8},"end":{"line":388,"column":51}},"238":{"start":{"line":389,"column":8},"end":{"line":389,"column":51}},"239":{"start":{"line":391,"column":8},"end":{"line":413,"column":9}},"240":{"start":{"line":392,"column":12},"end":{"line":392,"column":54}},"241":{"start":{"line":393,"column":12},"end":{"line":393,"column":36}},"242":{"start":{"line":395,"column":12},"end":{"line":400,"column":15}},"243":{"start":{"line":401,"column":15},"end":{"line":413,"column":9}},"244":{"start":{"line":402,"column":28},"end":{"line":402,"column":29}},"245":{"start":{"line":403,"column":12},"end":{"line":403,"column":90}},"246":{"start":{"line":404,"column":12},"end":{"line":404,"column":91}},"247":{"start":{"line":405,"column":12},"end":{"line":405,"column":36}},"248":{"start":{"line":407,"column":12},"end":{"line":412,"column":15}},"249":{"start":{"line":416,"column":8},"end":{"line":416,"column":31}},"250":{"start":{"line":416,"column":23},"end":{"line":416,"column":30}},"251":{"start":{"line":418,"column":8},"end":{"line":418,"column":36}},"252":{"start":{"line":419,"column":8},"end":{"line":419,"column":32}},"253":{"start":{"line":420,"column":8},"end":{"line":420,"column":31}},"254":{"start":{"line":422,"column":8},"end":{"line":427,"column":11}},"255":{"start":{"line":428,"column":8},"end":{"line":428,"column":21}},"256":{"start":{"line":432,"column":8},"end":{"line":432,"column":52}},"257":{"start":{"line":433,"column":8},"end":{"line":433,"column":48}},"258":{"start":{"line":436,"column":8},"end":{"line":436,"column":81}},"259":{"start":{"line":436,"column":57},"end":{"line":436,"column":80}},"260":{"start":{"line":439,"column":8},"end":{"line":439,"column":82}},"261":{"start":{"line":439,"column":57},"end":{"line":439,"column":81}},"262":{"start":{"line":443,"column":8},"end":{"line":443,"column":135}},"263":{"start":{"line":444,"column":8},"end":{"line":444,"column":74}},"264":{"start":{"line":445,"column":8},"end":{"line":445,"column":126}},"265":{"start":{"line":447,"column":8},"end":{"line":447,"column":30}},"266":{"start":{"line":450,"column":8},"end":{"line":450,"column":48}},"267":{"start":{"line":450,"column":40},"end":{"line":450,"column":47}},"268":{"start":{"line":451,"column":8},"end":{"line":451,"column":93}},"269":{"start":{"line":451,"column":54},"end":{"line":451,"column":92}},"270":{"start":{"line":453,"column":4},"end":{"line":458,"column":30}},"271":{"start":{"line":454,"column":8},"end":{"line":454,"column":28}},"272":{"start":{"line":455,"column":8},"end":{"line":455,"column":29}},"273":{"start":{"line":456,"column":8},"end":{"line":456,"column":20}},"274":{"start":{"line":457,"column":8},"end":{"line":457,"column":23}},"275":{"start":{"line":461,"column":0},"end":{"line":461,"column":23}}},"fnMap":{"0":{"name":"Scene","decl":{"start":{"line":8,"column":9},"end":{"line":8,"column":14}},"loc":{"start":{"line":8,"column":17},"end":{"line":459,"column":1}},"line":8},"1":{"name":"Rotate","decl":{"start":{"line":77,"column":13},"end":{"line":77,"column":19}},"loc":{"start":{"line":77,"column":29},"end":{"line":83,"column":5}},"line":77},"2":{"name":"RotateX","decl":{"start":{"line":84,"column":13},"end":{"line":84,"column":20}},"loc":{"start":{"line":84,"column":24},"end":{"line":91,"column":5}},"line":84},"3":{"name":"RotateY","decl":{"start":{"line":92,"column":13},"end":{"line":92,"column":20}},"loc":{"start":{"line":92,"column":24},"end":{"line":99,"column":5}},"line":92},"4":{"name":"RotateZ","decl":{"start":{"line":100,"column":13},"end":{"line":100,"column":20}},"loc":{"start":{"line":100,"column":24},"end":{"line":107,"column":5}},"line":100},"5":{"name":"setRotation","decl":{"start":{"line":109,"column":13},"end":{"line":109,"column":24}},"loc":{"start":{"line":109,"column":34},"end":{"line":118,"column":5}},"line":109},"6":{"name":"setRotationX","decl":{"start":{"line":119,"column":13},"end":{"line":119,"column":25}},"loc":{"start":{"line":119,"column":29},"end":{"line":125,"column":5}},"line":119},"7":{"name":"setRotationY","decl":{"start":{"line":126,"column":13},"end":{"line":126,"column":25}},"loc":{"start":{"line":126,"column":29},"end":{"line":132,"column":5}},"line":126},"8":{"name":"setRotationZ","decl":{"start":{"line":133,"column":13},"end":{"line":133,"column":25}},"loc":{"start":{"line":133,"column":29},"end":{"line":139,"column":5}},"line":133},"9":{"name":"GetRotation","decl":{"start":{"line":140,"column":13},"end":{"line":140,"column":24}},"loc":{"start":{"line":140,"column":27},"end":{"line":146,"column":5}},"line":140},"10":{"name":"GetRotationX","decl":{"start":{"line":147,"column":13},"end":{"line":147,"column":25}},"loc":{"start":{"line":147,"column":28},"end":{"line":149,"column":5}},"line":147},"11":{"name":"GetRotationY","decl":{"start":{"line":150,"column":13},"end":{"line":150,"column":25}},"loc":{"start":{"line":150,"column":28},"end":{"line":152,"column":5}},"line":150},"12":{"name":"GetRotationZ","decl":{"start":{"line":153,"column":13},"end":{"line":153,"column":25}},"loc":{"start":{"line":153,"column":28},"end":{"line":155,"column":5}},"line":153},"13":{"name":"Pan","decl":{"start":{"line":156,"column":13},"end":{"line":156,"column":16}},"loc":{"start":{"line":156,"column":26},"end":{"line":162,"column":5}},"line":156},"14":{"name":"PanX","decl":{"start":{"line":163,"column":13},"end":{"line":163,"column":17}},"loc":{"start":{"line":163,"column":21},"end":{"line":169,"column":5}},"line":163},"15":{"name":"PanY","decl":{"start":{"line":170,"column":13},"end":{"line":170,"column":17}},"loc":{"start":{"line":170,"column":21},"end":{"line":176,"column":5}},"line":170},"16":{"name":"PanZ","decl":{"start":{"line":177,"column":13},"end":{"line":177,"column":17}},"loc":{"start":{"line":177,"column":21},"end":{"line":183,"column":5}},"line":177},"17":{"name":"SetPan","decl":{"start":{"line":184,"column":13},"end":{"line":184,"column":19}},"loc":{"start":{"line":184,"column":29},"end":{"line":192,"column":5}},"line":184},"18":{"name":"SetPanX","decl":{"start":{"line":193,"column":13},"end":{"line":193,"column":20}},"loc":{"start":{"line":193,"column":24},"end":{"line":199,"column":5}},"line":193},"19":{"name":"SetPanY","decl":{"start":{"line":200,"column":13},"end":{"line":200,"column":20}},"loc":{"start":{"line":200,"column":24},"end":{"line":206,"column":5}},"line":200},"20":{"name":"SetPanZ","decl":{"start":{"line":207,"column":13},"end":{"line":207,"column":20}},"loc":{"start":{"line":207,"column":24},"end":{"line":213,"column":5}},"line":207},"21":{"name":"GetPan","decl":{"start":{"line":214,"column":13},"end":{"line":214,"column":19}},"loc":{"start":{"line":214,"column":22},"end":{"line":220,"column":5}},"line":214},"22":{"name":"GetPanX","decl":{"start":{"line":221,"column":13},"end":{"line":221,"column":20}},"loc":{"start":{"line":221,"column":23},"end":{"line":223,"column":5}},"line":221},"23":{"name":"GetPanY","decl":{"start":{"line":224,"column":13},"end":{"line":224,"column":20}},"loc":{"start":{"line":224,"column":23},"end":{"line":226,"column":5}},"line":224},"24":{"name":"GetPanZ","decl":{"start":{"line":227,"column":13},"end":{"line":227,"column":20}},"loc":{"start":{"line":227,"column":23},"end":{"line":229,"column":5}},"line":227},"25":{"name":"Zoom","decl":{"start":{"line":230,"column":13},"end":{"line":230,"column":17}},"loc":{"start":{"line":230,"column":25},"end":{"line":238,"column":5}},"line":230},"26":{"name":"SetZoom","decl":{"start":{"line":239,"column":13},"end":{"line":239,"column":20}},"loc":{"start":{"line":239,"column":28},"end":{"line":246,"column":5}},"line":239},"27":{"name":"GetZoom","decl":{"start":{"line":247,"column":13},"end":{"line":247,"column":20}},"loc":{"start":{"line":247,"column":23},"end":{"line":249,"column":5}},"line":247},"28":{"name":"Attach","decl":{"start":{"line":250,"column":13},"end":{"line":250,"column":19}},"loc":{"start":{"line":250,"column":26},"end":{"line":257,"column":5}},"line":250},"29":{"name":"Detach","decl":{"start":{"line":258,"column":13},"end":{"line":258,"column":19}},"loc":{"start":{"line":258,"column":22},"end":{"line":264,"column":5}},"line":258},"30":{"name":"IsAttached","decl":{"start":{"line":265,"column":13},"end":{"line":265,"column":23}},"loc":{"start":{"line":265,"column":26},"end":{"line":267,"column":5}},"line":265},"31":{"name":"GetParementElement","decl":{"start":{"line":268,"column":13},"end":{"line":268,"column":31}},"loc":{"start":{"line":268,"column":34},"end":{"line":270,"column":5}},"line":268},"32":{"name":"EnableOrbit","decl":{"start":{"line":272,"column":13},"end":{"line":272,"column":24}},"loc":{"start":{"line":272,"column":27},"end":{"line":275,"column":5}},"line":272},"33":{"name":"DisableOrbit","decl":{"start":{"line":276,"column":13},"end":{"line":276,"column":25}},"loc":{"start":{"line":276,"column":28},"end":{"line":279,"column":5}},"line":276},"34":{"name":"CanOrbit","decl":{"start":{"line":280,"column":13},"end":{"line":280,"column":21}},"loc":{"start":{"line":280,"column":24},"end":{"line":282,"column":5}},"line":280},"35":{"name":"EnablePan","decl":{"start":{"line":284,"column":13},"end":{"line":284,"column":22}},"loc":{"start":{"line":284,"column":25},"end":{"line":287,"column":5}},"line":284},"36":{"name":"DisablePan","decl":{"start":{"line":288,"column":13},"end":{"line":288,"column":23}},"loc":{"start":{"line":288,"column":26},"end":{"line":291,"column":5}},"line":288},"37":{"name":"CanPan","decl":{"start":{"line":292,"column":13},"end":{"line":292,"column":19}},"loc":{"start":{"line":292,"column":22},"end":{"line":294,"column":5}},"line":292},"38":{"name":"EnableZoom","decl":{"start":{"line":296,"column":13},"end":{"line":296,"column":23}},"loc":{"start":{"line":296,"column":26},"end":{"line":299,"column":5}},"line":296},"39":{"name":"DisableZoom","decl":{"start":{"line":300,"column":13},"end":{"line":300,"column":24}},"loc":{"start":{"line":300,"column":27},"end":{"line":303,"column":5}},"line":300},"40":{"name":"CanZoom","decl":{"start":{"line":304,"column":13},"end":{"line":304,"column":20}},"loc":{"start":{"line":304,"column":23},"end":{"line":306,"column":5}},"line":304},"41":{"name":"AddVoxel","decl":{"start":{"line":308,"column":13},"end":{"line":308,"column":21}},"loc":{"start":{"line":308,"column":29},"end":{"line":313,"column":5}},"line":308},"42":{"name":"RemoveVoxel","decl":{"start":{"line":314,"column":13},"end":{"line":314,"column":24}},"loc":{"start":{"line":314,"column":32},"end":{"line":318,"column":5}},"line":314},"43":{"name":"GetVoxels","decl":{"start":{"line":319,"column":13},"end":{"line":319,"column":22}},"loc":{"start":{"line":319,"column":25},"end":{"line":321,"column":5}},"line":319},"44":{"name":"AddLightSource","decl":{"start":{"line":323,"column":13},"end":{"line":323,"column":27}},"loc":{"start":{"line":323,"column":36},"end":{"line":334,"column":5}},"line":323},"45":{"name":"RemoveLightSource","decl":{"start":{"line":335,"column":13},"end":{"line":335,"column":30}},"loc":{"start":{"line":335,"column":39},"end":{"line":346,"column":5}},"line":335},"46":{"name":"GetLightSources","decl":{"start":{"line":347,"column":13},"end":{"line":347,"column":28}},"loc":{"start":{"line":347,"column":31},"end":{"line":349,"column":5}},"line":347},"47":{"name":"CreateSceneElement","decl":{"start":{"line":351,"column":13},"end":{"line":351,"column":31}},"loc":{"start":{"line":351,"column":34},"end":{"line":363,"column":5}},"line":351},"48":{"name":"BindMouse","decl":{"start":{"line":365,"column":13},"end":{"line":365,"column":22}},"loc":{"start":{"line":365,"column":25},"end":{"line":369,"column":5}},"line":365},"49":{"name":"MouseDown","decl":{"start":{"line":370,"column":13},"end":{"line":370,"column":22}},"loc":{"start":{"line":370,"column":30},"end":{"line":379,"column":5}},"line":370},"50":{"name":"MouseUp","decl":{"start":{"line":380,"column":13},"end":{"line":380,"column":20}},"loc":{"start":{"line":380,"column":23},"end":{"line":383,"column":5}},"line":380},"51":{"name":"MouseMove","decl":{"start":{"line":384,"column":13},"end":{"line":384,"column":22}},"loc":{"start":{"line":384,"column":30},"end":{"line":414,"column":5}},"line":384},"52":{"name":"OnScroll","decl":{"start":{"line":415,"column":13},"end":{"line":415,"column":21}},"loc":{"start":{"line":415,"column":29},"end":{"line":429,"column":5}},"line":415},"53":{"name":"BindKeyboard","decl":{"start":{"line":431,"column":13},"end":{"line":431,"column":25}},"loc":{"start":{"line":431,"column":28},"end":{"line":434,"column":5}},"line":431},"54":{"name":"KeyDown","decl":{"start":{"line":435,"column":13},"end":{"line":435,"column":20}},"loc":{"start":{"line":435,"column":28},"end":{"line":437,"column":5}},"line":435},"55":{"name":"KeyUp","decl":{"start":{"line":438,"column":13},"end":{"line":438,"column":18}},"loc":{"start":{"line":438,"column":26},"end":{"line":440,"column":5}},"line":438},"56":{"name":"UpdateSceneTransforms","decl":{"start":{"line":442,"column":13},"end":{"line":442,"column":34}},"loc":{"start":{"line":442,"column":37},"end":{"line":448,"column":5}},"line":442},"57":{"name":"UpdateVoxelLighting","decl":{"start":{"line":449,"column":13},"end":{"line":449,"column":32}},"loc":{"start":{"line":449,"column":35},"end":{"line":452,"column":5}},"line":449},"58":{"name":"Constructor","decl":{"start":{"line":453,"column":14},"end":{"line":453,"column":25}},"loc":{"start":{"line":453,"column":28},"end":{"line":458,"column":5}},"line":453}},"branchMap":{"0":{"loc":{"start":{"line":85,"column":8},"end":{"line":85,"column":74}},"type":"if","locations":[{"start":{"line":85,"column":8},"end":{"line":85,"column":74}},{"start":{"line":85,"column":8},"end":{"line":85,"column":74}}],"line":85},"1":{"loc":{"start":{"line":85,"column":12},"end":{"line":85,"column":52}},"type":"binary-expr","locations":[{"start":{"line":85,"column":12},"end":{"line":85,"column":27}},{"start":{"line":85,"column":31},"end":{"line":85,"column":52}}],"line":85},"2":{"loc":{"start":{"line":93,"column":8},"end":{"line":93,"column":74}},"type":"if","locations":[{"start":{"line":93,"column":8},"end":{"line":93,"column":74}},{"start":{"line":93,"column":8},"end":{"line":93,"column":74}}],"line":93},"3":{"loc":{"start":{"line":93,"column":12},"end":{"line":93,"column":52}},"type":"binary-expr","locations":[{"start":{"line":93,"column":12},"end":{"line":93,"column":27}},{"start":{"line":93,"column":31},"end":{"line":93,"column":52}}],"line":93},"4":{"loc":{"start":{"line":101,"column":8},"end":{"line":101,"column":74}},"type":"if","locations":[{"start":{"line":101,"column":8},"end":{"line":101,"column":74}},{"start":{"line":101,"column":8},"end":{"line":101,"column":74}}],"line":101},"5":{"loc":{"start":{"line":101,"column":12},"end":{"line":101,"column":52}},"type":"binary-expr","locations":[{"start":{"line":101,"column":12},"end":{"line":101,"column":27}},{"start":{"line":101,"column":31},"end":{"line":101,"column":52}}],"line":101},"6":{"loc":{"start":{"line":120,"column":8},"end":{"line":120,"column":74}},"type":"if","locations":[{"start":{"line":120,"column":8},"end":{"line":120,"column":74}},{"start":{"line":120,"column":8},"end":{"line":120,"column":74}}],"line":120},"7":{"loc":{"start":{"line":120,"column":12},"end":{"line":120,"column":52}},"type":"binary-expr","locations":[{"start":{"line":120,"column":12},"end":{"line":120,"column":27}},{"start":{"line":120,"column":31},"end":{"line":120,"column":52}}],"line":120},"8":{"loc":{"start":{"line":127,"column":8},"end":{"line":127,"column":74}},"type":"if","locations":[{"start":{"line":127,"column":8},"end":{"line":127,"column":74}},{"start":{"line":127,"column":8},"end":{"line":127,"column":74}}],"line":127},"9":{"loc":{"start":{"line":127,"column":12},"end":{"line":127,"column":52}},"type":"binary-expr","locations":[{"start":{"line":127,"column":12},"end":{"line":127,"column":27}},{"start":{"line":127,"column":31},"end":{"line":127,"column":52}}],"line":127},"10":{"loc":{"start":{"line":134,"column":8},"end":{"line":134,"column":74}},"type":"if","locations":[{"start":{"line":134,"column":8},"end":{"line":134,"column":74}},{"start":{"line":134,"column":8},"end":{"line":134,"column":74}}],"line":134},"11":{"loc":{"start":{"line":134,"column":12},"end":{"line":134,"column":52}},"type":"binary-expr","locations":[{"start":{"line":134,"column":12},"end":{"line":134,"column":27}},{"start":{"line":134,"column":31},"end":{"line":134,"column":52}}],"line":134},"12":{"loc":{"start":{"line":164,"column":8},"end":{"line":164,"column":69}},"type":"if","locations":[{"start":{"line":164,"column":8},"end":{"line":164,"column":69}},{"start":{"line":164,"column":8},"end":{"line":164,"column":69}}],"line":164},"13":{"loc":{"start":{"line":164,"column":12},"end":{"line":164,"column":52}},"type":"binary-expr","locations":[{"start":{"line":164,"column":12},"end":{"line":164,"column":27}},{"start":{"line":164,"column":31},"end":{"line":164,"column":52}}],"line":164},"14":{"loc":{"start":{"line":171,"column":8},"end":{"line":171,"column":69}},"type":"if","locations":[{"start":{"line":171,"column":8},"end":{"line":171,"column":69}},{"start":{"line":171,"column":8},"end":{"line":171,"column":69}}],"line":171},"15":{"loc":{"start":{"line":171,"column":12},"end":{"line":171,"column":52}},"type":"binary-expr","locations":[{"start":{"line":171,"column":12},"end":{"line":171,"column":27}},{"start":{"line":171,"column":31},"end":{"line":171,"column":52}}],"line":171},"16":{"loc":{"start":{"line":178,"column":8},"end":{"line":178,"column":69}},"type":"if","locations":[{"start":{"line":178,"column":8},"end":{"line":178,"column":69}},{"start":{"line":178,"column":8},"end":{"line":178,"column":69}}],"line":178},"17":{"loc":{"start":{"line":178,"column":12},"end":{"line":178,"column":52}},"type":"binary-expr","locations":[{"start":{"line":178,"column":12},"end":{"line":178,"column":27}},{"start":{"line":178,"column":31},"end":{"line":178,"column":52}}],"line":178},"18":{"loc":{"start":{"line":194,"column":8},"end":{"line":194,"column":69}},"type":"if","locations":[{"start":{"line":194,"column":8},"end":{"line":194,"column":69}},{"start":{"line":194,"column":8},"end":{"line":194,"column":69}}],"line":194},"19":{"loc":{"start":{"line":194,"column":12},"end":{"line":194,"column":52}},"type":"binary-expr","locations":[{"start":{"line":194,"column":12},"end":{"line":194,"column":27}},{"start":{"line":194,"column":31},"end":{"line":194,"column":52}}],"line":194},"20":{"loc":{"start":{"line":201,"column":8},"end":{"line":201,"column":69}},"type":"if","locations":[{"start":{"line":201,"column":8},"end":{"line":201,"column":69}},{"start":{"line":201,"column":8},"end":{"line":201,"column":69}}],"line":201},"21":{"loc":{"start":{"line":201,"column":12},"end":{"line":201,"column":52}},"type":"binary-expr","locations":[{"start":{"line":201,"column":12},"end":{"line":201,"column":27}},{"start":{"line":201,"column":31},"end":{"line":201,"column":52}}],"line":201},"22":{"loc":{"start":{"line":208,"column":8},"end":{"line":208,"column":69}},"type":"if","locations":[{"start":{"line":208,"column":8},"end":{"line":208,"column":69}},{"start":{"line":208,"column":8},"end":{"line":208,"column":69}}],"line":208},"23":{"loc":{"start":{"line":208,"column":12},"end":{"line":208,"column":52}},"type":"binary-expr","locations":[{"start":{"line":208,"column":12},"end":{"line":208,"column":27}},{"start":{"line":208,"column":31},"end":{"line":208,"column":52}}],"line":208},"24":{"loc":{"start":{"line":231,"column":8},"end":{"line":233,"column":9}},"type":"if","locations":[{"start":{"line":231,"column":8},"end":{"line":233,"column":9}},{"start":{"line":231,"column":8},"end":{"line":233,"column":9}}],"line":231},"25":{"loc":{"start":{"line":231,"column":12},"end":{"line":231,"column":60}},"type":"binary-expr","locations":[{"start":{"line":231,"column":12},"end":{"line":231,"column":31}},{"start":{"line":231,"column":35},"end":{"line":231,"column":60}}],"line":231},"26":{"loc":{"start":{"line":240,"column":8},"end":{"line":242,"column":9}},"type":"if","locations":[{"start":{"line":240,"column":8},"end":{"line":242,"column":9}},{"start":{"line":240,"column":8},"end":{"line":242,"column":9}}],"line":240},"27":{"loc":{"start":{"line":240,"column":12},"end":{"line":240,"column":60}},"type":"binary-expr","locations":[{"start":{"line":240,"column":12},"end":{"line":240,"column":31}},{"start":{"line":240,"column":35},"end":{"line":240,"column":60}}],"line":240},"28":{"loc":{"start":{"line":251,"column":8},"end":{"line":253,"column":9}},"type":"if","locations":[{"start":{"line":251,"column":8},"end":{"line":253,"column":9}},{"start":{"line":251,"column":8},"end":{"line":253,"column":9}}],"line":251},"29":{"loc":{"start":{"line":259,"column":8},"end":{"line":261,"column":9}},"type":"if","locations":[{"start":{"line":259,"column":8},"end":{"line":261,"column":9}},{"start":{"line":259,"column":8},"end":{"line":261,"column":9}}],"line":259},"30":{"loc":{"start":{"line":273,"column":8},"end":{"line":273,"column":31}},"type":"if","locations":[{"start":{"line":273,"column":8},"end":{"line":273,"column":31}},{"start":{"line":273,"column":8},"end":{"line":273,"column":31}}],"line":273},"31":{"loc":{"start":{"line":277,"column":8},"end":{"line":277,"column":32}},"type":"if","locations":[{"start":{"line":277,"column":8},"end":{"line":277,"column":32}},{"start":{"line":277,"column":8},"end":{"line":277,"column":32}}],"line":277},"32":{"loc":{"start":{"line":285,"column":8},"end":{"line":285,"column":29}},"type":"if","locations":[{"start":{"line":285,"column":8},"end":{"line":285,"column":29}},{"start":{"line":285,"column":8},"end":{"line":285,"column":29}}],"line":285},"33":{"loc":{"start":{"line":289,"column":8},"end":{"line":289,"column":30}},"type":"if","locations":[{"start":{"line":289,"column":8},"end":{"line":289,"column":30}},{"start":{"line":289,"column":8},"end":{"line":289,"column":30}}],"line":289},"34":{"loc":{"start":{"line":297,"column":8},"end":{"line":297,"column":30}},"type":"if","locations":[{"start":{"line":297,"column":8},"end":{"line":297,"column":30}},{"start":{"line":297,"column":8},"end":{"line":297,"column":30}}],"line":297},"35":{"loc":{"start":{"line":301,"column":8},"end":{"line":301,"column":31}},"type":"if","locations":[{"start":{"line":301,"column":8},"end":{"line":301,"column":31}},{"start":{"line":301,"column":8},"end":{"line":301,"column":31}}],"line":301},"36":{"loc":{"start":{"line":312,"column":8},"end":{"line":312,"column":79}},"type":"if","locations":[{"start":{"line":312,"column":8},"end":{"line":312,"column":79}},{"start":{"line":312,"column":8},"end":{"line":312,"column":79}}],"line":312},"37":{"loc":{"start":{"line":325,"column":8},"end":{"line":325,"column":41}},"type":"if","locations":[{"start":{"line":325,"column":8},"end":{"line":325,"column":41}},{"start":{"line":325,"column":8},"end":{"line":325,"column":41}}],"line":325},"38":{"loc":{"start":{"line":337,"column":8},"end":{"line":337,"column":41}},"type":"if","locations":[{"start":{"line":337,"column":8},"end":{"line":337,"column":41}},{"start":{"line":337,"column":8},"end":{"line":337,"column":41}}],"line":337},"39":{"loc":{"start":{"line":371,"column":24},"end":{"line":371,"column":48}},"type":"binary-expr","locations":[{"start":{"line":371,"column":24},"end":{"line":371,"column":31}},{"start":{"line":371,"column":35},"end":{"line":371,"column":48}}],"line":371},"40":{"loc":{"start":{"line":372,"column":24},"end":{"line":372,"column":48}},"type":"binary-expr","locations":[{"start":{"line":372,"column":24},"end":{"line":372,"column":31}},{"start":{"line":372,"column":35},"end":{"line":372,"column":48}}],"line":372},"41":{"loc":{"start":{"line":374,"column":26},"end":{"line":374,"column":50}},"type":"binary-expr","locations":[{"start":{"line":374,"column":26},"end":{"line":374,"column":33}},{"start":{"line":374,"column":37},"end":{"line":374,"column":50}}],"line":374},"42":{"loc":{"start":{"line":375,"column":26},"end":{"line":375,"column":50}},"type":"binary-expr","locations":[{"start":{"line":375,"column":26},"end":{"line":375,"column":33}},{"start":{"line":375,"column":37},"end":{"line":375,"column":50}}],"line":375},"43":{"loc":{"start":{"line":385,"column":29},"end":{"line":385,"column":53}},"type":"binary-expr","locations":[{"start":{"line":385,"column":29},"end":{"line":385,"column":36}},{"start":{"line":385,"column":40},"end":{"line":385,"column":53}}],"line":385},"44":{"loc":{"start":{"line":386,"column":29},"end":{"line":386,"column":53}},"type":"binary-expr","locations":[{"start":{"line":386,"column":29},"end":{"line":386,"column":36}},{"start":{"line":386,"column":40},"end":{"line":386,"column":53}}],"line":386},"45":{"loc":{"start":{"line":388,"column":26},"end":{"line":388,"column":50}},"type":"binary-expr","locations":[{"start":{"line":388,"column":26},"end":{"line":388,"column":33}},{"start":{"line":388,"column":37},"end":{"line":388,"column":50}}],"line":388},"46":{"loc":{"start":{"line":389,"column":26},"end":{"line":389,"column":50}},"type":"binary-expr","locations":[{"start":{"line":389,"column":26},"end":{"line":389,"column":33}},{"start":{"line":389,"column":37},"end":{"line":389,"column":50}}],"line":389},"47":{"loc":{"start":{"line":391,"column":8},"end":{"line":413,"column":9}},"type":"if","locations":[{"start":{"line":391,"column":8},"end":{"line":413,"column":9}},{"start":{"line":391,"column":8},"end":{"line":413,"column":9}}],"line":391},"48":{"loc":{"start":{"line":391,"column":12},"end":{"line":391,"column":37}},"type":"binary-expr","locations":[{"start":{"line":391,"column":12},"end":{"line":391,"column":18}},{"start":{"line":391,"column":22},"end":{"line":391,"column":37}}],"line":391},"49":{"loc":{"start":{"line":401,"column":15},"end":{"line":413,"column":9}},"type":"if","locations":[{"start":{"line":401,"column":15},"end":{"line":413,"column":9}},{"start":{"line":401,"column":15},"end":{"line":413,"column":9}}],"line":401},"50":{"loc":{"start":{"line":416,"column":8},"end":{"line":416,"column":31}},"type":"if","locations":[{"start":{"line":416,"column":8},"end":{"line":416,"column":31}},{"start":{"line":416,"column":8},"end":{"line":416,"column":31}}],"line":416},"51":{"loc":{"start":{"line":436,"column":8},"end":{"line":436,"column":81}},"type":"if","locations":[{"start":{"line":436,"column":8},"end":{"line":436,"column":81}},{"start":{"line":436,"column":8},"end":{"line":436,"column":81}}],"line":436},"52":{"loc":{"start":{"line":436,"column":12},"end":{"line":436,"column":54}},"type":"binary-expr","locations":[{"start":{"line":436,"column":12},"end":{"line":436,"column":32}},{"start":{"line":436,"column":36},"end":{"line":436,"column":54}}],"line":436},"53":{"loc":{"start":{"line":439,"column":8},"end":{"line":439,"column":82}},"type":"if","locations":[{"start":{"line":439,"column":8},"end":{"line":439,"column":82}},{"start":{"line":439,"column":8},"end":{"line":439,"column":82}}],"line":439},"54":{"loc":{"start":{"line":439,"column":12},"end":{"line":439,"column":54}},"type":"binary-expr","locations":[{"start":{"line":439,"column":12},"end":{"line":439,"column":32}},{"start":{"line":439,"column":36},"end":{"line":439,"column":54}}],"line":439},"55":{"loc":{"start":{"line":450,"column":8},"end":{"line":450,"column":48}},"type":"if","locations":[{"start":{"line":450,"column":8},"end":{"line":450,"column":48}},{"start":{"line":450,"column":8},"end":{"line":450,"column":48}}],"line":450}},"s":{"0":1,"1":1,"2":1,"3":1,"4":1,"5":1,"6":1,"7":1,"8":1,"9":1,"10":1,"11":1,"12":1,"13":1,"14":1,"15":1,"16":1,"17":1,"18":1,"19":1,"20":1,"21":1,"22":1,"23":1,"24":1,"25":1,"26":1,"27":1,"28":1,"29":1,"30":1,"31":1,"32":1,"33":1,"34":1,"35":1,"36":1,"37":1,"38":1,"39":1,"40":1,"41":1,"42":1,"43":1,"44":1,"45":1,"46":1,"47":1,"48":1,"49":1,"50":1,"51":1,"52":1,"53":1,"54":1,"55":1,"56":1,"57":1,"58":0,"59":0,"60":0,"61":0,"62":0,"63":0,"64":0,"65":0,"66":0,"67":0,"68":0,"69":0,"70":0,"71":0,"72":0,"73":0,"74":0,"75":0,"76":0,"77":0,"78":0,"79":0,"80":0,"81":0,"82":0,"83":0,"84":0,"85":0,"86":0,"87":0,"88":0,"89":0,"90":0,"91":0,"92":0,"93":0,"94":0,"95":0,"96":0,"97":0,"98":0,"99":0,"100":0,"101":0,"102":0,"103":0,"104":0,"105":0,"106":0,"107":0,"108":0,"109":0,"110":0,"111":0,"112":0,"113":0,"114":0,"115":0,"116":0,"117":0,"118":0,"119":0,"120":0,"121":0,"122":0,"123":0,"124":0,"125":0,"126":0,"127":0,"128":0,"129":0,"130":0,"131":0,"132":0,"133":0,"134":0,"135":0,"136":0,"137":0,"138":0,"139":0,"140":0,"141":0,"142":0,"143":0,"144":0,"145":0,"146":0,"147":0,"148":0,"149":0,"150":0,"151":0,"152":0,"153":0,"154":0,"155":0,"156":0,"157":0,"158":0,"159":0,"160":0,"161":0,"162":0,"163":0,"164":0,"165":0,"166":0,"167":0,"168":0,"169":0,"170":0,"171":0,"172":0,"173":0,"174":0,"175":0,"176":0,"177":0,"178":0,"179":0,"180":0,"181":0,"182":0,"183":0,"184":0,"185":0,"186":0,"187":0,"188":0,"189":0,"190":0,"191":0,"192":0,"193":0,"194":0,"195":0,"196":0,"197":0,"198":0,"199":0,"200":0,"201":0,"202":0,"203":0,"204":0,"205":0,"206":0,"207":0,"208":0,"209":0,"210":0,"211":0,"212":0,"213":0,"214":0,"215":0,"216":1,"217":1,"218":1,"219":1,"220":1,"221":1,"222":1,"223":1,"224":1,"225":1,"226":1,"227":0,"228":0,"229":0,"230":0,"231":0,"232":0,"233":0,"234":0,"235":0,"236":0,"237":0,"238":0,"239":0,"240":0,"241":0,"242":0,"243":0,"244":0,"245":0,"246":0,"247":0,"248":0,"249":0,"250":0,"251":0,"252":0,"253":0,"254":0,"255":0,"256":1,"257":1,"258":0,"259":0,"260":0,"261":0,"262":0,"263":0,"264":0,"265":0,"266":0,"267":0,"268":0,"269":0,"270":1,"271":1,"272":1,"273":1,"274":1,"275":1},"f":{"0":1,"1":0,"2":0,"3":0,"4":0,"5":0,"6":0,"7":0,"8":0,"9":0,"10":0,"11":0,"12":0,"13":0,"14":0,"15":0,"16":0,"17":0,"18":0,"19":0,"20":0,"21":0,"22":0,"23":0,"24":0,"25":0,"26":0,"27":0,"28":0,"29":0,"30":0,"31":0,"32":0,"33":0,"34":0,"35":0,"36":0,"37":0,"38":0,"39":0,"40":0,"41":0,"42":0,"43":0,"44":0,"45":0,"46":0,"47":1,"48":1,"49":0,"50":0,"51":0,"52":0,"53":1,"54":0,"55":0,"56":0,"57":0,"58":1},"b":{"0":[0,0],"1":[0,0],"2":[0,0],"3":[0,0],"4":[0,0],"5":[0,0],"6":[0,0],"7":[0,0],"8":[0,0],"9":[0,0],"10":[0,0],"11":[0,0],"12":[0,0],"13":[0,0],"14":[0,0],"15":[0,0],"16":[0,0],"17":[0,0],"18":[0,0],"19":[0,0],"20":[0,0],"21":[0,0],"22":[0,0],"23":[0,0],"24":[0,0],"25":[0,0],"26":[0,0],"27":[0,0],"28":[0,0],"29":[0,0],"30":[0,0],"31":[0,0],"32":[0,0],"33":[0,0],"34":[0,0],"35":[0,0],"36":[0,0],"37":[0,0],"38":[0,0],"39":[0,0],"40":[0,0],"41":[0,0],"42":[0,0],"43":[0,0],"44":[0,0],"45":[0,0],"46":[0,0],"47":[0,0],"48":[0,0],"49":[0,0],"50":[0,0],"51":[0,0],"52":[0,0],"53":[0,0],"54":[0,0],"55":[0,0]},"_coverageSchema":"332fd63041d2c1bcb487cc26dd0d5f7d97098a6c","hash":"7eca1d40e885b2c2e8637b161f9e2a0ddce0872f"}
}
