TN:
SF:/home/vagrant/dev/voxelcss/lib/EventListener.js
FN:3,(anonymous_0)
FN:6,AddEventListener
FN:13,RemoveEventListener
FN:18,TriggerEvent
FNF:4
FNH:1
FNDA:1,(anonymous_0)
FNDA:0,AddEventListener
FNDA:0,RemoveEventListener
FNDA:0,TriggerEvent
DA:3,1
DA:4,1
DA:5,1
DA:7,0
DA:8,0
DA:9,0
DA:10,0
DA:11,0
DA:14,0
DA:15,0
DA:16,0
DA:19,0
DA:20,0
DA:21,0
DA:22,0
DA:24,1
DA:25,1
DA:26,1
DA:27,1
LF:19
LH:7
BRDA:4,0,0,1
BRDA:4,0,1,0
BRDA:8,1,0,0
BRDA:8,1,1,0
BRDA:9,2,0,0
BRDA:9,2,1,0
BRDA:10,3,0,0
BRDA:10,3,1,0
BRDA:15,4,0,0
BRDA:15,4,1,0
BRDA:21,5,0,0
BRDA:21,5,1,0
BRF:12
BRH:1
end_of_record
TN:
SF:/home/vagrant/dev/voxelcss/lib/Scene.js
FN:8,Scene
FN:77,Rotate
FN:84,RotateX
FN:92,RotateY
FN:100,RotateZ
FN:109,setRotation
FN:119,setRotationX
FN:126,setRotationY
FN:133,setRotationZ
FN:140,GetRotation
FN:147,GetRotationX
FN:150,GetRotationY
FN:153,GetRotationZ
FN:156,Pan
FN:163,PanX
FN:170,PanY
FN:177,PanZ
FN:184,SetPan
FN:193,SetPanX
FN:200,SetPanY
FN:207,SetPanZ
FN:214,GetPan
FN:221,GetPanX
FN:224,GetPanY
FN:227,GetPanZ
FN:230,Zoom
FN:239,SetZoom
FN:247,GetZoom
FN:250,Attach
FN:258,Detach
FN:265,IsAttached
FN:268,GetParementElement
FN:272,EnableOrbit
FN:276,DisableOrbit
FN:280,CanOrbit
FN:284,EnablePan
FN:288,DisablePan
FN:292,CanPan
FN:296,EnableZoom
FN:300,DisableZoom
FN:304,CanZoom
FN:308,AddVoxel
FN:314,RemoveVoxel
FN:319,GetVoxels
FN:323,AddLightSource
FN:335,RemoveLightSource
FN:347,GetLightSources
FN:351,CreateSceneElement
FN:365,BindMouse
FN:370,MouseDown
FN:380,MouseUp
FN:384,MouseMove
FN:415,OnScroll
FN:431,BindKeyboard
FN:435,KeyDown
FN:438,KeyUp
FN:442,UpdateSceneTransforms
FN:449,UpdateVoxelLighting
FN:453,Constructor
FNF:59
FNH:5
FNDA:1,Scene
FNDA:0,Rotate
FNDA:0,RotateX
FNDA:0,RotateY
FNDA:0,RotateZ
FNDA:0,setRotation
FNDA:0,setRotationX
FNDA:0,setRotationY
FNDA:0,setRotationZ
FNDA:0,GetRotation
FNDA:0,GetRotationX
FNDA:0,GetRotationY
FNDA:0,GetRotationZ
FNDA:0,Pan
FNDA:0,PanX
FNDA:0,PanY
FNDA:0,PanZ
FNDA:0,SetPan
FNDA:0,SetPanX
FNDA:0,SetPanY
FNDA:0,SetPanZ
FNDA:0,GetPan
FNDA:0,GetPanX
FNDA:0,GetPanY
FNDA:0,GetPanZ
FNDA:0,Zoom
FNDA:0,SetZoom
FNDA:0,GetZoom
FNDA:0,Attach
FNDA:0,Detach
FNDA:0,IsAttached
FNDA:0,GetParementElement
FNDA:0,EnableOrbit
FNDA:0,DisableOrbit
FNDA:0,CanOrbit
FNDA:0,EnablePan
FNDA:0,DisablePan
FNDA:0,CanPan
FNDA:0,EnableZoom
FNDA:0,DisableZoom
FNDA:0,CanZoom
FNDA:0,AddVoxel
FNDA:0,RemoveVoxel
FNDA:0,GetVoxels
FNDA:0,AddLightSource
FNDA:0,RemoveLightSource
FNDA:0,GetLightSources
FNDA:1,CreateSceneElement
FNDA:1,BindMouse
FNDA:0,MouseDown
FNDA:0,MouseUp
FNDA:0,MouseMove
FNDA:0,OnScroll
FNDA:1,BindKeyboard
FNDA:0,KeyDown
FNDA:0,KeyUp
FNDA:0,UpdateSceneTransforms
FNDA:0,UpdateVoxelLighting
FNDA:1,Constructor
DA:3,1
DA:9,1
DA:15,1
DA:16,1
DA:17,1
DA:18,1
DA:19,1
DA:25,1
DA:26,1
DA:27,1
DA:28,1
DA:29,1
DA:30,1
DA:31,1
DA:32,1
DA:33,1
DA:34,1
DA:35,1
DA:36,1
DA:37,1
DA:38,1
DA:39,1
DA:40,1
DA:41,1
DA:42,1
DA:43,1
DA:44,1
DA:45,1
DA:46,1
DA:47,1
DA:48,1
DA:49,1
DA:51,1
DA:52,1
DA:53,1
DA:54,1
DA:55,1
DA:56,1
DA:57,1
DA:58,1
DA:59,1
DA:60,1
DA:61,1
DA:62,1
DA:63,1
DA:64,1
DA:65,1
DA:66,1
DA:67,1
DA:68,1
DA:69,1
DA:70,1
DA:71,1
DA:72,1
DA:73,1
DA:74,1
DA:75,1
DA:76,1
DA:78,0
DA:85,0
DA:87,0
DA:88,0
DA:89,0
DA:90,0
DA:93,0
DA:95,0
DA:96,0
DA:97,0
DA:98,0
DA:101,0
DA:103,0
DA:104,0
DA:105,0
DA:106,0
DA:110,0
DA:116,0
DA:117,0
DA:120,0
DA:121,0
DA:122,0
DA:123,0
DA:124,0
DA:127,0
DA:128,0
DA:129,0
DA:130,0
DA:131,0
DA:134,0
DA:135,0
DA:136,0
DA:137,0
DA:138,0
DA:141,0
DA:148,0
DA:151,0
DA:154,0
DA:157,0
DA:164,0
DA:165,0
DA:166,0
DA:167,0
DA:168,0
DA:171,0
DA:172,0
DA:173,0
DA:174,0
DA:175,0
DA:178,0
DA:179,0
DA:180,0
DA:181,0
DA:182,0
DA:185,0
DA:190,0
DA:191,0
DA:194,0
DA:195,0
DA:196,0
DA:197,0
DA:198,0
DA:201,0
DA:202,0
DA:203,0
DA:204,0
DA:205,0
DA:208,0
DA:209,0
DA:210,0
DA:211,0
DA:212,0
DA:215,0
DA:222,0
DA:225,0
DA:228,0
DA:231,0
DA:232,0
DA:234,0
DA:235,0
DA:236,0
DA:237,0
DA:240,0
DA:241,0
DA:243,0
DA:244,0
DA:245,0
DA:248,0
DA:251,0
DA:252,0
DA:254,0
DA:255,0
DA:256,0
DA:259,0
DA:260,0
DA:262,0
DA:263,0
DA:266,0
DA:269,0
DA:273,0
DA:274,0
DA:277,0
DA:278,0
DA:281,0
DA:285,0
DA:286,0
DA:289,0
DA:290,0
DA:293,0
DA:297,0
DA:298,0
DA:301,0
DA:302,0
DA:305,0
DA:309,0
DA:310,0
DA:311,0
DA:312,0
DA:315,0
DA:316,0
DA:317,0
DA:320,0
DA:324,0
DA:325,0
DA:327,0
DA:328,0
DA:330,0
DA:331,0
DA:333,0
DA:336,0
DA:337,0
DA:339,0
DA:340,0
DA:342,0
DA:343,0
DA:345,0
DA:348,0
DA:352,1
DA:353,1
DA:355,1
DA:356,1
DA:358,1
DA:359,1
DA:361,1
DA:362,1
DA:366,1
DA:367,1
DA:368,1
DA:371,0
DA:372,0
DA:374,0
DA:375,0
DA:377,0
DA:378,0
DA:381,0
DA:382,0
DA:385,0
DA:386,0
DA:388,0
DA:389,0
DA:391,0
DA:392,0
DA:393,0
DA:395,0
DA:401,0
DA:402,0
DA:403,0
DA:404,0
DA:405,0
DA:407,0
DA:416,0
DA:418,0
DA:419,0
DA:420,0
DA:422,0
DA:428,0
DA:432,1
DA:433,1
DA:436,0
DA:439,0
DA:443,0
DA:444,0
DA:445,0
DA:447,0
DA:450,0
DA:451,0
DA:453,1
DA:454,1
DA:455,1
DA:456,1
DA:457,1
DA:461,1
LF:250
LH:77
BRDA:85,0,0,0
BRDA:85,0,1,0
BRDA:85,1,0,0
BRDA:85,1,1,0
BRDA:93,2,0,0
BRDA:93,2,1,0
BRDA:93,3,0,0
BRDA:93,3,1,0
BRDA:101,4,0,0
BRDA:101,4,1,0
BRDA:101,5,0,0
BRDA:101,5,1,0
BRDA:120,6,0,0
BRDA:120,6,1,0
BRDA:120,7,0,0
BRDA:120,7,1,0
BRDA:127,8,0,0
BRDA:127,8,1,0
BRDA:127,9,0,0
BRDA:127,9,1,0
BRDA:134,10,0,0
BRDA:134,10,1,0
BRDA:134,11,0,0
BRDA:134,11,1,0
BRDA:164,12,0,0
BRDA:164,12,1,0
BRDA:164,13,0,0
BRDA:164,13,1,0
BRDA:171,14,0,0
BRDA:171,14,1,0
BRDA:171,15,0,0
BRDA:171,15,1,0
BRDA:178,16,0,0
BRDA:178,16,1,0
BRDA:178,17,0,0
BRDA:178,17,1,0
BRDA:194,18,0,0
BRDA:194,18,1,0
BRDA:194,19,0,0
BRDA:194,19,1,0
BRDA:201,20,0,0
BRDA:201,20,1,0
BRDA:201,21,0,0
BRDA:201,21,1,0
BRDA:208,22,0,0
BRDA:208,22,1,0
BRDA:208,23,0,0
BRDA:208,23,1,0
BRDA:231,24,0,0
BRDA:231,24,1,0
BRDA:231,25,0,0
BRDA:231,25,1,0
BRDA:240,26,0,0
BRDA:240,26,1,0
BRDA:240,27,0,0
BRDA:240,27,1,0
BRDA:251,28,0,0
BRDA:251,28,1,0
BRDA:259,29,0,0
BRDA:259,29,1,0
BRDA:273,30,0,0
BRDA:273,30,1,0
BRDA:277,31,0,0
BRDA:277,31,1,0
BRDA:285,32,0,0
BRDA:285,32,1,0
BRDA:289,33,0,0
BRDA:289,33,1,0
BRDA:297,34,0,0
BRDA:297,34,1,0
BRDA:301,35,0,0
BRDA:301,35,1,0
BRDA:312,36,0,0
BRDA:312,36,1,0
BRDA:325,37,0,0
BRDA:325,37,1,0
BRDA:337,38,0,0
BRDA:337,38,1,0
BRDA:371,39,0,0
BRDA:371,39,1,0
BRDA:372,40,0,0
BRDA:372,40,1,0
BRDA:374,41,0,0
BRDA:374,41,1,0
BRDA:375,42,0,0
BRDA:375,42,1,0
BRDA:385,43,0,0
BRDA:385,43,1,0
BRDA:386,44,0,0
BRDA:386,44,1,0
BRDA:388,45,0,0
BRDA:388,45,1,0
BRDA:389,46,0,0
BRDA:389,46,1,0
BRDA:391,47,0,0
BRDA:391,47,1,0
BRDA:391,48,0,0
BRDA:391,48,1,0
BRDA:401,49,0,0
BRDA:401,49,1,0
BRDA:416,50,0,0
BRDA:416,50,1,0
BRDA:436,51,0,0
BRDA:436,51,1,0
BRDA:436,52,0,0
BRDA:436,52,1,0
BRDA:439,53,0,0
BRDA:439,53,1,0
BRDA:439,54,0,0
BRDA:439,54,1,0
BRDA:450,55,0,0
BRDA:450,55,1,0
BRF:112
BRH:0
end_of_record
